2025-01-15 12:55:27 INFO    [hermes] Hermes started /default.
2025-01-15 12:55:28 INFO    [hermes] Work directories created at C:\Users\TEMP.VANESSA\AppData\Local\OEM\Hermes
2025-01-15 12:55:29 INFO    [amunds] User profile created.
2025-01-15 12:55:29 INFO    [amunds] User profile saved.
2025-01-15 12:55:32 INFO    [hermes] Query successful.
2025-01-15 12:55:33 INFO    [hermes] TP300 episode = 3267 ms
2025-01-15 12:55:33 INFO    [hermes] Processing ace200be00-220808 1
2025-01-15 12:55:33 INFO    [hermes] Downloading adunit.
2025-01-15 12:55:34 INFO    [hermes] State=3010-True, CD=3
2025-01-15 12:55:34 INFO    [hermes] Targeting labeled true.
2025-01-15 12:55:35 INFO    [hermes] State=3020-True, CD=10000
2025-01-15 12:55:35 INFO    [hermes] Downloading AU class.
2025-01-15 12:55:35 INFO    [hermes] State=3030-True, CD=3
2025-01-15 12:55:37 INFO    [hermes] State=3040-True, CD=10000
2025-01-15 12:55:37 INFO    [hermes] Processing ace200be02-220808 2
2025-01-15 12:55:37 INFO    [hermes] Processing 90091e2313-240502 4
2025-01-15 12:55:38 INFO    [hermes] Processing 12209a3301-230719 5
2025-01-15 12:55:38 INFO    [hermes] Processing b00f129603-240624 5
2025-01-15 12:55:38 INFO    [hermes] Processing 0de5a02e02-231002 5
2025-01-15 12:55:38 INFO    [hermes] Processing 12209a3302-230719 7
2025-01-15 12:55:38 INFO    [hermes] TP301 episode = 5595 ms
2025-01-15 13:07:37 INFO    [hermes] Hermes started /default.
2025-01-15 13:07:38 INFO    [amunds] User profile updated.
